<?xml version="1.0" encoding="UTF-8"?>
<coverage generated="1662144649965" clover="3.2.0">
  <project timestamp="1662144649965" name="All files">
    <metrics statements="42" coveredstatements="23" conditionals="17" coveredconditionals="11" methods="24" coveredmethods="17" elements="83" coveredelements="51" complexity="0" loc="42" ncloc="42" packages="1" files="10" classes="10"/>
    <file name="App.js" path="/Users/marshallbuck/Dev/rithm-coding/08/react-forms-design-productiv/productiv/src/App.js">
      <metrics statements="1" coveredstatements="1" conditionals="0" coveredconditionals="0" methods="1" coveredmethods="1"/>
      <line num="13" count="2" type="stmt"/>
    </file>
    <file name="EditableTodo.js" path="/Users/marshallbuck/Dev/rithm-coding/08/react-forms-design-productiv/productiv/src/EditableTodo.js">
      <metrics statements="6" coveredstatements="4" conditionals="4" coveredconditionals="4" methods="4" coveredmethods="3"/>
      <line num="21" count="14" type="stmt"/>
      <line num="25" count="1" type="stmt"/>
      <line num="30" count="1" type="stmt"/>
      <line num="35" count="0" type="stmt"/>
      <line num="36" count="0" type="stmt"/>
      <line num="39" count="14" type="stmt"/>
    </file>
    <file name="EditableTodoList.js" path="/Users/marshallbuck/Dev/rithm-coding/08/react-forms-design-productiv/productiv/src/EditableTodoList.js">
      <metrics statements="2" coveredstatements="2" conditionals="0" coveredconditionals="0" methods="2" coveredmethods="2"/>
      <line num="15" count="7" type="stmt"/>
      <line num="19" count="10" type="stmt"/>
    </file>
    <file name="Footer.js" path="/Users/marshallbuck/Dev/rithm-coding/08/react-forms-design-productiv/productiv/src/Footer.js">
      <metrics statements="1" coveredstatements="1" conditionals="0" coveredconditionals="0" methods="1" coveredmethods="1"/>
      <line num="6" count="2" type="stmt"/>
    </file>
    <file name="Todo.js" path="/Users/marshallbuck/Dev/rithm-coding/08/react-forms-design-productiv/productiv/src/Todo.js">
      <metrics statements="1" coveredstatements="1" conditionals="0" coveredconditionals="0" methods="1" coveredmethods="1"/>
      <line num="12" count="22" type="stmt"/>
    </file>
    <file name="TodoApp.js" path="/Users/marshallbuck/Dev/rithm-coding/08/react-forms-design-productiv/productiv/src/TodoApp.js">
      <metrics statements="10" coveredstatements="4" conditionals="6" coveredconditionals="4" methods="7" coveredmethods="3"/>
      <line num="21" count="7" type="stmt"/>
      <line num="25" count="1" type="stmt"/>
      <line num="26" count="1" type="stmt"/>
      <line num="31" count="0" type="stmt"/>
      <line num="32" count="0" type="cond" truecount="0" falsecount="2"/>
      <line num="33" count="0" type="stmt"/>
      <line num="35" count="0" type="stmt"/>
      <line num="38" count="0" type="stmt"/>
      <line num="43" count="0" type="stmt"/>
      <line num="46" count="7" type="stmt"/>
    </file>
    <file name="TodoForm.js" path="/Users/marshallbuck/Dev/rithm-coding/08/react-forms-design-productiv/productiv/src/TodoForm.js">
      <metrics statements="7" coveredstatements="7" conditionals="1" coveredconditionals="1" methods="4" coveredmethods="4"/>
      <line num="17" count="13" type="stmt"/>
      <line num="21" count="3" type="stmt"/>
      <line num="22" count="3" type="stmt"/>
      <line num="30" count="1" type="stmt"/>
      <line num="31" count="1" type="stmt"/>
      <line num="32" count="1" type="stmt"/>
      <line num="35" count="13" type="stmt"/>
    </file>
    <file name="TopTodo.js" path="/Users/marshallbuck/Dev/rithm-coding/08/react-forms-design-productiv/productiv/src/TopTodo.js">
      <metrics statements="3" coveredstatements="3" conditionals="2" coveredconditionals="2" methods="2" coveredmethods="2"/>
      <line num="15" count="7" type="stmt"/>
      <line num="16" count="19" type="cond" truecount="2" falsecount="0"/>
      <line num="18" count="7" type="stmt"/>
    </file>
    <file name="index.js" path="/Users/marshallbuck/Dev/rithm-coding/08/react-forms-design-productiv/productiv/src/index.js">
      <metrics statements="3" coveredstatements="0" conditionals="0" coveredconditionals="0" methods="0" coveredmethods="0"/>
      <line num="7" count="0" type="stmt"/>
      <line num="8" count="0" type="stmt"/>
      <line num="17" count="0" type="stmt"/>
    </file>
    <file name="reportWebVitals.js" path="/Users/marshallbuck/Dev/rithm-coding/08/react-forms-design-productiv/productiv/src/reportWebVitals.js">
      <metrics statements="8" coveredstatements="0" conditionals="4" coveredconditionals="0" methods="2" coveredmethods="0"/>
      <line num="1" count="0" type="stmt"/>
      <line num="2" count="0" type="cond" truecount="0" falsecount="4"/>
      <line num="3" count="0" type="stmt"/>
      <line num="4" count="0" type="stmt"/>
      <line num="5" count="0" type="stmt"/>
      <line num="6" count="0" type="stmt"/>
      <line num="7" count="0" type="stmt"/>
      <line num="8" count="0" type="stmt"/>
    </file>
  </project>
</coverage>
