<?xml version="1.0" encoding="UTF-8"?>
<coverage generated="1664261317053" clover="3.2.0">
  <project timestamp="1664261317053" name="All files">
    <metrics statements="39" coveredstatements="22" conditionals="17" coveredconditionals="13" methods="26" coveredmethods="13" elements="82" coveredelements="48" complexity="0" loc="39" ncloc="39" packages="1" files="9" classes="9"/>
    <file name="App.js" path="/Users/zhl/Desktop/R27_Class/W8-React/react-productiv/src/App.js">
      <metrics statements="1" coveredstatements="1" conditionals="0" coveredconditionals="0" methods="1" coveredmethods="1"/>
      <line num="14" count="4" type="stmt"/>
    </file>
    <file name="EditableTodo.js" path="/Users/zhl/Desktop/R27_Class/W8-React/react-productiv/src/EditableTodo.js">
      <metrics statements="6" coveredstatements="2" conditionals="4" coveredconditionals="3" methods="4" coveredmethods="1"/>
      <line num="20" count="23" type="stmt"/>
      <line num="24" count="0" type="stmt"/>
      <line num="29" count="0" type="stmt"/>
      <line num="34" count="0" type="stmt"/>
      <line num="35" count="0" type="stmt"/>
      <line num="38" count="23" type="stmt"/>
    </file>
    <file name="EditableTodoList.js" path="/Users/zhl/Desktop/R27_Class/W8-React/react-productiv/src/EditableTodoList.js">
      <metrics statements="2" coveredstatements="2" conditionals="0" coveredconditionals="0" methods="2" coveredmethods="2"/>
      <line num="15" count="8" type="stmt"/>
      <line num="17" count="21" type="stmt"/>
    </file>
    <file name="QuoteApp.js" path="/Users/zhl/Desktop/R27_Class/W8-React/react-productiv/src/QuoteApp.js">
      <metrics statements="5" coveredstatements="2" conditionals="0" coveredconditionals="0" methods="2" coveredmethods="1"/>
      <line num="18" count="4" type="stmt"/>
      <line num="22" count="0" type="stmt"/>
      <line num="23" count="0" type="stmt"/>
      <line num="24" count="0" type="stmt"/>
      <line num="27" count="4" type="stmt"/>
    </file>
    <file name="QuoteDisplay.js" path="/Users/zhl/Desktop/R27_Class/W8-React/react-productiv/src/QuoteDisplay.js">
      <metrics statements="5" coveredstatements="3" conditionals="2" coveredconditionals="1" methods="3" coveredmethods="2"/>
      <line num="18" count="4" type="stmt"/>
      <line num="27" count="0" type="stmt"/>
      <line num="37" count="4" type="cond" truecount="1" falsecount="1"/>
      <line num="38" count="0" type="stmt"/>
      <line num="40" count="4" type="stmt"/>
    </file>
    <file name="Todo.js" path="/Users/zhl/Desktop/R27_Class/W8-React/react-productiv/src/Todo.js">
      <metrics statements="1" coveredstatements="1" conditionals="0" coveredconditionals="0" methods="1" coveredmethods="1"/>
      <line num="12" count="32" type="stmt"/>
    </file>
    <file name="TodoApp.js" path="/Users/zhl/Desktop/R27_Class/W8-React/react-productiv/src/TodoApp.js">
      <metrics statements="8" coveredstatements="2" conditionals="6" coveredconditionals="4" methods="7" coveredmethods="1"/>
      <line num="21" count="6" type="stmt"/>
      <line num="25" count="0" type="stmt"/>
      <line num="26" count="0" type="stmt"/>
      <line num="31" count="0" type="stmt"/>
      <line num="32" count="0" type="cond" truecount="0" falsecount="2"/>
      <line num="34" count="0" type="stmt"/>
      <line num="39" count="0" type="stmt"/>
      <line num="42" count="6" type="stmt"/>
    </file>
    <file name="TodoForm.js" path="/Users/zhl/Desktop/R27_Class/W8-React/react-productiv/src/TodoForm.js">
      <metrics statements="7" coveredstatements="5" conditionals="1" coveredconditionals="1" methods="4" coveredmethods="2"/>
      <line num="17" count="8" type="stmt"/>
      <line num="21" count="0" type="stmt"/>
      <line num="22" count="0" type="stmt"/>
      <line num="30" count="1" type="stmt"/>
      <line num="31" count="1" type="stmt"/>
      <line num="32" count="1" type="stmt"/>
      <line num="35" count="8" type="stmt"/>
    </file>
    <file name="TopTodo.js" path="/Users/zhl/Desktop/R27_Class/W8-React/react-productiv/src/TopTodo.js">
      <metrics statements="4" coveredstatements="4" conditionals="4" coveredconditionals="4" methods="2" coveredmethods="2"/>
      <line num="14" count="7" type="cond" truecount="2" falsecount="0"/>
      <line num="17" count="6" type="stmt"/>
      <line num="18" count="17" type="cond" truecount="2" falsecount="0"/>
      <line num="20" count="6" type="stmt"/>
    </file>
  </project>
</coverage>
