{"/Users/marshallbuck/Dev/rithm-coding/08/react-forms-design-productiv/productiv/src/App.js": {"path":"/Users/marshallbuck/Dev/rithm-coding/08/react-forms-design-productiv/productiv/src/App.js","statementMap":{"0":{"start":{"line":13,"column":2},"end":{"line":47,"column":4}}},"fnMap":{"0":{"name":"App","decl":{"start":{"line":12,"column":9},"end":{"line":12,"column":12}},"loc":{"start":{"line":12,"column":15},"end":{"line":48,"column":1}},"line":12}},"branchMap":{},"s":{"0":2},"f":{"0":2},"b":{},"_coverageSchema":"1a1c01bbd47fc00a2c39e90264f33305004495a9","hash":"e56996671a0af29baba8e64d7b1fc57e094e589f"}
,"/Users/marshallbuck/Dev/rithm-coding/08/react-forms-design-productiv/productiv/src/EditableTodo.js": {"path":"/Users/marshallbuck/Dev/rithm-coding/08/react-forms-design-productiv/productiv/src/EditableTodo.js","statementMap":{"0":{"start":{"line":21,"column":36},"end":{"line":21,"column":51}},"1":{"start":{"line":25,"column":4},"end":{"line":25,"column":29}},"2":{"start":{"line":30,"column":4},"end":{"line":30,"column":20}},"3":{"start":{"line":35,"column":4},"end":{"line":35,"column":17}},"4":{"start":{"line":36,"column":4},"end":{"line":36,"column":21}},"5":{"start":{"line":39,"column":2},"end":{"line":66,"column":4}}},"fnMap":{"0":{"name":"EditableTodo","decl":{"start":{"line":19,"column":9},"end":{"line":19,"column":21}},"loc":{"start":{"line":19,"column":48},"end":{"line":67,"column":1}},"line":19},"1":{"name":"toggleEdit","decl":{"start":{"line":24,"column":11},"end":{"line":24,"column":21}},"loc":{"start":{"line":24,"column":24},"end":{"line":26,"column":3}},"line":24},"2":{"name":"handleDelete","decl":{"start":{"line":29,"column":11},"end":{"line":29,"column":23}},"loc":{"start":{"line":29,"column":26},"end":{"line":31,"column":3}},"line":29},"3":{"name":"handleSave","decl":{"start":{"line":34,"column":11},"end":{"line":34,"column":21}},"loc":{"start":{"line":34,"column":32},"end":{"line":37,"column":3}},"line":34}},"branchMap":{"0":{"loc":{"start":{"line":42,"column":7},"end":{"line":43,"column":64}},"type":"binary-expr","locations":[{"start":{"line":42,"column":7},"end":{"line":42,"column":16}},{"start":{"line":43,"column":6},"end":{"line":43,"column":64}}],"line":42},"1":{"loc":{"start":{"line":45,"column":7},"end":{"line":63,"column":14}},"type":"binary-expr","locations":[{"start":{"line":45,"column":7},"end":{"line":45,"column":17}},{"start":{"line":46,"column":8},"end":{"line":63,"column":14}}],"line":45}},"s":{"0":14,"1":1,"2":1,"3":0,"4":0,"5":14},"f":{"0":14,"1":1,"2":1,"3":0},"b":{"0":[14,1],"1":[14,13]},"_coverageSchema":"1a1c01bbd47fc00a2c39e90264f33305004495a9","hash":"93351fded989a6a28e56172dec762c02a6993c31"}
,"/Users/marshallbuck/Dev/rithm-coding/08/react-forms-design-productiv/productiv/src/EditableTodoList.js": {"path":"/Users/marshallbuck/Dev/rithm-coding/08/react-forms-design-productiv/productiv/src/EditableTodoList.js","statementMap":{"0":{"start":{"line":15,"column":2},"end":{"line":25,"column":4}},"1":{"start":{"line":19,"column":10},"end":{"line":21,"column":15}}},"fnMap":{"0":{"name":"EditableTodoList","decl":{"start":{"line":14,"column":9},"end":{"line":14,"column":25}},"loc":{"start":{"line":14,"column":53},"end":{"line":26,"column":1}},"line":14},"1":{"name":"(anonymous_1)","decl":{"start":{"line":18,"column":19},"end":{"line":18,"column":20}},"loc":{"start":{"line":19,"column":10},"end":{"line":21,"column":15}},"line":19}},"branchMap":{},"s":{"0":7,"1":10},"f":{"0":7,"1":10},"b":{},"_coverageSchema":"1a1c01bbd47fc00a2c39e90264f33305004495a9","hash":"b6cdf73cbedd8acbeae81cd0cda31765936a85fe"}
,"/Users/marshallbuck/Dev/rithm-coding/08/react-forms-design-productiv/productiv/src/Footer.js": {"path":"/Users/marshallbuck/Dev/rithm-coding/08/react-forms-design-productiv/productiv/src/Footer.js","statementMap":{"0":{"start":{"line":6,"column":2},"end":{"line":12,"column":3}}},"fnMap":{"0":{"name":"Footer","decl":{"start":{"line":5,"column":9},"end":{"line":5,"column":15}},"loc":{"start":{"line":5,"column":18},"end":{"line":13,"column":1}},"line":5}},"branchMap":{},"s":{"0":2},"f":{"0":2},"b":{},"_coverageSchema":"1a1c01bbd47fc00a2c39e90264f33305004495a9","hash":"bc1a1019d6877e6c92a051a3ed2cb2a4685b29a5"}
,"/Users/marshallbuck/Dev/rithm-coding/08/react-forms-design-productiv/productiv/src/Todo.js": {"path":"/Users/marshallbuck/Dev/rithm-coding/08/react-forms-design-productiv/productiv/src/Todo.js","statementMap":{"0":{"start":{"line":12,"column":2},"end":{"line":17,"column":4}}},"fnMap":{"0":{"name":"Todo","decl":{"start":{"line":11,"column":9},"end":{"line":11,"column":13}},"loc":{"start":{"line":11,"column":52},"end":{"line":18,"column":1}},"line":11}},"branchMap":{},"s":{"0":22},"f":{"0":22},"b":{},"_coverageSchema":"1a1c01bbd47fc00a2c39e90264f33305004495a9","hash":"4a2f7c7e604a1f6d6e02b17b880a7f0f6ed8f407"}
,"/Users/marshallbuck/Dev/rithm-coding/08/react-forms-design-productiv/productiv/src/TodoApp.js": {"path":"/Users/marshallbuck/Dev/rithm-coding/08/react-forms-design-productiv/productiv/src/TodoApp.js","statementMap":{"0":{"start":{"line":21,"column":28},"end":{"line":21,"column":50}},"1":{"start":{"line":25,"column":22},"end":{"line":25,"column":48}},"2":{"start":{"line":26,"column":4},"end":{"line":26,"column":47}},"3":{"start":{"line":26,"column":22},"end":{"line":26,"column":45}},"4":{"start":{"line":31,"column":24},"end":{"line":37,"column":6}},"5":{"start":{"line":32,"column":6},"end":{"line":36,"column":7}},"6":{"start":{"line":33,"column":8},"end":{"line":33,"column":27}},"7":{"start":{"line":35,"column":8},"end":{"line":35,"column":20}},"8":{"start":{"line":38,"column":4},"end":{"line":38,"column":27}},"9":{"start":{"line":43,"column":4},"end":{"line":43,"column":51}},"10":{"start":{"line":43,"column":34},"end":{"line":43,"column":48}},"11":{"start":{"line":46,"column":2},"end":{"line":75,"column":4}}},"fnMap":{"0":{"name":"TodoApp","decl":{"start":{"line":19,"column":9},"end":{"line":19,"column":16}},"loc":{"start":{"line":19,"column":35},"end":{"line":76,"column":1}},"line":19},"1":{"name":"create","decl":{"start":{"line":24,"column":11},"end":{"line":24,"column":17}},"loc":{"start":{"line":24,"column":27},"end":{"line":27,"column":3}},"line":24},"2":{"name":"(anonymous_2)","decl":{"start":{"line":26,"column":13},"end":{"line":26,"column":14}},"loc":{"start":{"line":26,"column":22},"end":{"line":26,"column":45}},"line":26},"3":{"name":"update","decl":{"start":{"line":30,"column":11},"end":{"line":30,"column":17}},"loc":{"start":{"line":30,"column":31},"end":{"line":39,"column":3}},"line":30},"4":{"name":"(anonymous_4)","decl":{"start":{"line":31,"column":34},"end":{"line":31,"column":35}},"loc":{"start":{"line":31,"column":42},"end":{"line":37,"column":5}},"line":31},"5":{"name":"remove","decl":{"start":{"line":42,"column":11},"end":{"line":42,"column":17}},"loc":{"start":{"line":42,"column":22},"end":{"line":44,"column":3}},"line":42},"6":{"name":"(anonymous_6)","decl":{"start":{"line":43,"column":26},"end":{"line":43,"column":27}},"loc":{"start":{"line":43,"column":34},"end":{"line":43,"column":48}},"line":43}},"branchMap":{"0":{"loc":{"start":{"line":32,"column":6},"end":{"line":36,"column":7}},"type":"if","locations":[{"start":{"line":32,"column":6},"end":{"line":36,"column":7}},{"start":{"line":34,"column":13},"end":{"line":36,"column":7}}],"line":32},"1":{"loc":{"start":{"line":55,"column":11},"end":{"line":56,"column":66}},"type":"binary-expr","locations":[{"start":{"line":55,"column":11},"end":{"line":55,"column":29}},{"start":{"line":56,"column":12},"end":{"line":56,"column":66}}],"line":55},"2":{"loc":{"start":{"line":61,"column":11},"end":{"line":65,"column":22}},"type":"binary-expr","locations":[{"start":{"line":61,"column":11},"end":{"line":61,"column":29}},{"start":{"line":62,"column":12},"end":{"line":65,"column":22}}],"line":61}},"s":{"0":7,"1":1,"2":1,"3":1,"4":0,"5":0,"6":0,"7":0,"8":0,"9":0,"10":0,"11":7},"f":{"0":7,"1":1,"2":1,"3":0,"4":0,"5":0,"6":0},"b":{"0":[0,0],"1":[7,3],"2":[7,4]},"_coverageSchema":"1a1c01bbd47fc00a2c39e90264f33305004495a9","hash":"cd94edfb367eab5949d465184e9d1c298744f77f"}
,"/Users/marshallbuck/Dev/rithm-coding/08/react-forms-design-productiv/productiv/src/TodoForm.js": {"path":"/Users/marshallbuck/Dev/rithm-coding/08/react-forms-design-productiv/productiv/src/TodoForm.js","statementMap":{"0":{"start":{"line":17,"column":34},"end":{"line":17,"column":59}},"1":{"start":{"line":21,"column":28},"end":{"line":21,"column":38}},"2":{"start":{"line":22,"column":4},"end":{"line":25,"column":8}},"3":{"start":{"line":22,"column":29},"end":{"line":25,"column":5}},"4":{"start":{"line":30,"column":4},"end":{"line":30,"column":25}},"5":{"start":{"line":31,"column":4},"end":{"line":31,"column":25}},"6":{"start":{"line":32,"column":4},"end":{"line":32,"column":33}},"7":{"start":{"line":35,"column":2},"end":{"line":86,"column":4}}},"fnMap":{"0":{"name":"TodoForm","decl":{"start":{"line":13,"column":9},"end":{"line":13,"column":17}},"loc":{"start":{"line":15,"column":75},"end":{"line":87,"column":1}},"line":15},"1":{"name":"handleChange","decl":{"start":{"line":20,"column":11},"end":{"line":20,"column":23}},"loc":{"start":{"line":20,"column":29},"end":{"line":26,"column":3}},"line":20},"2":{"name":"(anonymous_2)","decl":{"start":{"line":22,"column":16},"end":{"line":22,"column":17}},"loc":{"start":{"line":22,"column":29},"end":{"line":25,"column":5}},"line":22},"3":{"name":"handleSubmit","decl":{"start":{"line":29,"column":11},"end":{"line":29,"column":23}},"loc":{"start":{"line":29,"column":29},"end":{"line":33,"column":3}},"line":29}},"branchMap":{"0":{"loc":{"start":{"line":15,"column":2},"end":{"line":15,"column":71}},"type":"default-arg","locations":[{"start":{"line":15,"column":20},"end":{"line":15,"column":71}}],"line":15}},"s":{"0":13,"1":3,"2":3,"3":3,"4":1,"5":1,"6":1,"7":13},"f":{"0":13,"1":3,"2":3,"3":1},"b":{"0":[12]},"_coverageSchema":"1a1c01bbd47fc00a2c39e90264f33305004495a9","hash":"65ae3161ba7b9850685196d2b3c958992517accb"}
,"/Users/marshallbuck/Dev/rithm-coding/08/react-forms-design-productiv/productiv/src/TopTodo.js": {"path":"/Users/marshallbuck/Dev/rithm-coding/08/react-forms-design-productiv/productiv/src/TopTodo.js","statementMap":{"0":{"start":{"line":15,"column":12},"end":{"line":16,"column":68}},"1":{"start":{"line":16,"column":18},"end":{"line":16,"column":57}},"2":{"start":{"line":18,"column":2},"end":{"line":24,"column":5}}},"fnMap":{"0":{"name":"TopTodo","decl":{"start":{"line":13,"column":9},"end":{"line":13,"column":16}},"loc":{"start":{"line":13,"column":28},"end":{"line":25,"column":1}},"line":13},"1":{"name":"(anonymous_1)","decl":{"start":{"line":16,"column":4},"end":{"line":16,"column":5}},"loc":{"start":{"line":16,"column":18},"end":{"line":16,"column":57}},"line":16}},"branchMap":{"0":{"loc":{"start":{"line":16,"column":18},"end":{"line":16,"column":57}},"type":"cond-expr","locations":[{"start":{"line":16,"column":48},"end":{"line":16,"column":51}},{"start":{"line":16,"column":54},"end":{"line":16,"column":57}}],"line":16}},"s":{"0":7,"1":19,"2":7},"f":{"0":7,"1":19},"b":{"0":[6,13]},"_coverageSchema":"1a1c01bbd47fc00a2c39e90264f33305004495a9","hash":"1e6cdd0bef63f01134b50390fe468753c42ee495"}
,"/Users/marshallbuck/Dev/rithm-coding/08/react-forms-design-productiv/productiv/src/index.js": {"path":"/Users/marshallbuck/Dev/rithm-coding/08/react-forms-design-productiv/productiv/src/index.js","statementMap":{"0":{"start":{"line":7,"column":13},"end":{"line":7,"column":65}},"1":{"start":{"line":8,"column":0},"end":{"line":12,"column":2}},"2":{"start":{"line":17,"column":0},"end":{"line":17,"column":18}}},"fnMap":{},"branchMap":{},"s":{"0":0,"1":0,"2":0},"f":{},"b":{}}
,"/Users/marshallbuck/Dev/rithm-coding/08/react-forms-design-productiv/productiv/src/reportWebVitals.js": {"path":"/Users/marshallbuck/Dev/rithm-coding/08/react-forms-design-productiv/productiv/src/reportWebVitals.js","statementMap":{"0":{"start":{"line":1,"column":24},"end":{"line":11,"column":1}},"1":{"start":{"line":2,"column":2},"end":{"line":10,"column":3}},"2":{"start":{"line":3,"column":4},"end":{"line":9,"column":7}},"3":{"start":{"line":4,"column":6},"end":{"line":4,"column":26}},"4":{"start":{"line":5,"column":6},"end":{"line":5,"column":26}},"5":{"start":{"line":6,"column":6},"end":{"line":6,"column":26}},"6":{"start":{"line":7,"column":6},"end":{"line":7,"column":26}},"7":{"start":{"line":8,"column":6},"end":{"line":8,"column":27}}},"fnMap":{"0":{"name":"(anonymous_0)","decl":{"start":{"line":1,"column":24},"end":{"line":1,"column":25}},"loc":{"start":{"line":1,"column":39},"end":{"line":11,"column":1}},"line":1},"1":{"name":"(anonymous_1)","decl":{"start":{"line":3,"column":30},"end":{"line":3,"column":31}},"loc":{"start":{"line":3,"column":79},"end":{"line":9,"column":5}},"line":3}},"branchMap":{"0":{"loc":{"start":{"line":2,"column":2},"end":{"line":10,"column":3}},"type":"if","locations":[{"start":{"line":2,"column":2},"end":{"line":10,"column":3}},{"start":{},"end":{}}],"line":2},"1":{"loc":{"start":{"line":2,"column":6},"end":{"line":2,"column":52}},"type":"binary-expr","locations":[{"start":{"line":2,"column":6},"end":{"line":2,"column":17}},{"start":{"line":2,"column":21},"end":{"line":2,"column":52}}],"line":2}},"s":{"0":0,"1":0,"2":0,"3":0,"4":0,"5":0,"6":0,"7":0},"f":{"0":0,"1":0},"b":{"0":[0,0],"1":[0,0]}}
}
