{"/Users/zhl/Desktop/R27_Class/W8-React/react-productiv/src/App.js": {"path":"/Users/zhl/Desktop/R27_Class/W8-React/react-productiv/src/App.js","statementMap":{"0":{"start":{"line":14,"column":2},"end":{"line":52,"column":4}}},"fnMap":{"0":{"name":"App","decl":{"start":{"line":13,"column":9},"end":{"line":13,"column":12}},"loc":{"start":{"line":13,"column":15},"end":{"line":53,"column":1}},"line":13}},"branchMap":{},"s":{"0":4},"f":{"0":4},"b":{},"_coverageSchema":"1a1c01bbd47fc00a2c39e90264f33305004495a9","hash":"604d2a51dc254441025ed25f3134bf4911317d7b"}
,"/Users/zhl/Desktop/R27_Class/W8-React/react-productiv/src/EditableTodo.js": {"path":"/Users/zhl/Desktop/R27_Class/W8-React/react-productiv/src/EditableTodo.js","statementMap":{"0":{"start":{"line":20,"column":36},"end":{"line":20,"column":51}},"1":{"start":{"line":24,"column":4},"end":{"line":24,"column":29}},"2":{"start":{"line":29,"column":4},"end":{"line":29,"column":20}},"3":{"start":{"line":34,"column":4},"end":{"line":34,"column":17}},"4":{"start":{"line":35,"column":4},"end":{"line":35,"column":21}},"5":{"start":{"line":38,"column":2},"end":{"line":65,"column":4}}},"fnMap":{"0":{"name":"EditableTodo","decl":{"start":{"line":18,"column":9},"end":{"line":18,"column":21}},"loc":{"start":{"line":18,"column":48},"end":{"line":66,"column":1}},"line":18},"1":{"name":"toggleEdit","decl":{"start":{"line":23,"column":11},"end":{"line":23,"column":21}},"loc":{"start":{"line":23,"column":24},"end":{"line":25,"column":3}},"line":23},"2":{"name":"handleDelete","decl":{"start":{"line":28,"column":11},"end":{"line":28,"column":23}},"loc":{"start":{"line":28,"column":26},"end":{"line":30,"column":3}},"line":28},"3":{"name":"handleSave","decl":{"start":{"line":33,"column":11},"end":{"line":33,"column":21}},"loc":{"start":{"line":33,"column":32},"end":{"line":36,"column":3}},"line":33}},"branchMap":{"0":{"loc":{"start":{"line":41,"column":7},"end":{"line":44,"column":36}},"type":"binary-expr","locations":[{"start":{"line":41,"column":7},"end":{"line":41,"column":16}},{"start":{"line":42,"column":8},"end":{"line":44,"column":36}}],"line":41},"1":{"loc":{"start":{"line":46,"column":7},"end":{"line":62,"column":14}},"type":"binary-expr","locations":[{"start":{"line":46,"column":7},"end":{"line":46,"column":17}},{"start":{"line":47,"column":8},"end":{"line":62,"column":14}}],"line":46}},"s":{"0":23,"1":0,"2":0,"3":0,"4":0,"5":23},"f":{"0":23,"1":0,"2":0,"3":0},"b":{"0":[23,0],"1":[23,23]},"_coverageSchema":"1a1c01bbd47fc00a2c39e90264f33305004495a9","hash":"adf90002c06a675adbf9b291ccbab1b52dcf4ce6"}
,"/Users/zhl/Desktop/R27_Class/W8-React/react-productiv/src/EditableTodoList.js": {"path":"/Users/zhl/Desktop/R27_Class/W8-React/react-productiv/src/EditableTodoList.js","statementMap":{"0":{"start":{"line":15,"column":2},"end":{"line":24,"column":4}},"1":{"start":{"line":17,"column":6},"end":{"line":22,"column":8}}},"fnMap":{"0":{"name":"EditableTodoList","decl":{"start":{"line":14,"column":9},"end":{"line":14,"column":25}},"loc":{"start":{"line":14,"column":53},"end":{"line":25,"column":1}},"line":14},"1":{"name":"(anonymous_1)","decl":{"start":{"line":16,"column":14},"end":{"line":16,"column":15}},"loc":{"start":{"line":17,"column":6},"end":{"line":22,"column":8}},"line":17}},"branchMap":{},"s":{"0":8,"1":21},"f":{"0":8,"1":21},"b":{},"_coverageSchema":"1a1c01bbd47fc00a2c39e90264f33305004495a9","hash":"b63c58761899e488a54fb766de83b00021bc7bc8"}
,"/Users/zhl/Desktop/R27_Class/W8-React/react-productiv/src/Footer.js": {"path":"/Users/zhl/Desktop/R27_Class/W8-React/react-productiv/src/Footer.js","statementMap":{"0":{"start":{"line":6,"column":2},"end":{"line":12,"column":3}}},"fnMap":{"0":{"name":"Footer","decl":{"start":{"line":5,"column":9},"end":{"line":5,"column":15}},"loc":{"start":{"line":5,"column":18},"end":{"line":13,"column":1}},"line":5}},"branchMap":{},"s":{"0":4},"f":{"0":4},"b":{},"_coverageSchema":"1a1c01bbd47fc00a2c39e90264f33305004495a9","hash":"8c9fce3f24ac3f730f82d3f4be1d13953845e32f"}
,"/Users/zhl/Desktop/R27_Class/W8-React/react-productiv/src/QuoteApp.js": {"path":"/Users/zhl/Desktop/R27_Class/W8-React/react-productiv/src/QuoteApp.js","statementMap":{"0":{"start":{"line":18,"column":28},"end":{"line":18,"column":42}},"1":{"start":{"line":22,"column":21},"end":{"line":22,"column":92}},"2":{"start":{"line":23,"column":24},"end":{"line":23,"column":43}},"3":{"start":{"line":24,"column":4},"end":{"line":24,"column":26}},"4":{"start":{"line":27,"column":2},"end":{"line":29,"column":4}}},"fnMap":{"0":{"name":"QuoteApp","decl":{"start":{"line":17,"column":9},"end":{"line":17,"column":17}},"loc":{"start":{"line":17,"column":20},"end":{"line":30,"column":1}},"line":17},"1":{"name":"getQuote","decl":{"start":{"line":21,"column":17},"end":{"line":21,"column":25}},"loc":{"start":{"line":21,"column":28},"end":{"line":25,"column":3}},"line":21}},"branchMap":{},"s":{"0":4,"1":0,"2":0,"3":0,"4":4},"f":{"0":4,"1":0},"b":{},"_coverageSchema":"1a1c01bbd47fc00a2c39e90264f33305004495a9","hash":"d4b2f85f80b1443857e04efc14b2853d1f6b4fe8"}
,"/Users/zhl/Desktop/R27_Class/W8-React/react-productiv/src/QuoteDisplay.js": {"path":"/Users/zhl/Desktop/R27_Class/W8-React/react-productiv/src/QuoteDisplay.js","statementMap":{"0":{"start":{"line":18,"column":4},"end":{"line":23,"column":11}},"1":{"start":{"line":27,"column":4},"end":{"line":33,"column":11}},"2":{"start":{"line":37,"column":2},"end":{"line":41,"column":3}},"3":{"start":{"line":38,"column":4},"end":{"line":38,"column":23}},"4":{"start":{"line":40,"column":4},"end":{"line":40,"column":24}}},"fnMap":{"0":{"name":"QuoteDisplay","decl":{"start":{"line":15,"column":9},"end":{"line":15,"column":21}},"loc":{"start":{"line":15,"column":43},"end":{"line":42,"column":1}},"line":15},"1":{"name":"firstQuote","decl":{"start":{"line":17,"column":11},"end":{"line":17,"column":21}},"loc":{"start":{"line":17,"column":24},"end":{"line":24,"column":3}},"line":17},"2":{"name":"showQuote","decl":{"start":{"line":26,"column":11},"end":{"line":26,"column":20}},"loc":{"start":{"line":26,"column":23},"end":{"line":35,"column":3}},"line":26}},"branchMap":{"0":{"loc":{"start":{"line":37,"column":2},"end":{"line":41,"column":3}},"type":"if","locations":[{"start":{"line":37,"column":2},"end":{"line":41,"column":3}},{"start":{"line":39,"column":9},"end":{"line":41,"column":3}}],"line":37}},"s":{"0":4,"1":0,"2":4,"3":0,"4":4},"f":{"0":4,"1":4,"2":0},"b":{"0":[0,4]},"_coverageSchema":"1a1c01bbd47fc00a2c39e90264f33305004495a9","hash":"ce44af94aa9e4ae9d4ccdf984a6f6b29cc6ac0d5"}
,"/Users/zhl/Desktop/R27_Class/W8-React/react-productiv/src/Todo.js": {"path":"/Users/zhl/Desktop/R27_Class/W8-React/react-productiv/src/Todo.js","statementMap":{"0":{"start":{"line":12,"column":2},"end":{"line":17,"column":4}}},"fnMap":{"0":{"name":"Todo","decl":{"start":{"line":11,"column":9},"end":{"line":11,"column":13}},"loc":{"start":{"line":11,"column":24},"end":{"line":18,"column":1}},"line":11}},"branchMap":{},"s":{"0":32},"f":{"0":32},"b":{},"_coverageSchema":"1a1c01bbd47fc00a2c39e90264f33305004495a9","hash":"588e3239326048fe0b451c140cfdf647c5101012"}
,"/Users/zhl/Desktop/R27_Class/W8-React/react-productiv/src/TodoApp.js": {"path":"/Users/zhl/Desktop/R27_Class/W8-React/react-productiv/src/TodoApp.js","statementMap":{"0":{"start":{"line":21,"column":28},"end":{"line":21,"column":50}},"1":{"start":{"line":25,"column":22},"end":{"line":25,"column":48}},"2":{"start":{"line":26,"column":4},"end":{"line":26,"column":47}},"3":{"start":{"line":26,"column":22},"end":{"line":26,"column":45}},"4":{"start":{"line":31,"column":24},"end":{"line":33,"column":5}},"5":{"start":{"line":32,"column":6},"end":{"line":32,"column":53}},"6":{"start":{"line":34,"column":4},"end":{"line":34,"column":27}},"7":{"start":{"line":39,"column":4},"end":{"line":39,"column":51}},"8":{"start":{"line":39,"column":34},"end":{"line":39,"column":48}},"9":{"start":{"line":42,"column":2},"end":{"line":72,"column":4}}},"fnMap":{"0":{"name":"TodoApp","decl":{"start":{"line":20,"column":9},"end":{"line":20,"column":16}},"loc":{"start":{"line":20,"column":35},"end":{"line":73,"column":1}},"line":20},"1":{"name":"create","decl":{"start":{"line":24,"column":11},"end":{"line":24,"column":17}},"loc":{"start":{"line":24,"column":27},"end":{"line":27,"column":3}},"line":24},"2":{"name":"(anonymous_2)","decl":{"start":{"line":26,"column":13},"end":{"line":26,"column":14}},"loc":{"start":{"line":26,"column":22},"end":{"line":26,"column":45}},"line":26},"3":{"name":"update","decl":{"start":{"line":30,"column":11},"end":{"line":30,"column":17}},"loc":{"start":{"line":30,"column":31},"end":{"line":35,"column":3}},"line":30},"4":{"name":"(anonymous_4)","decl":{"start":{"line":31,"column":34},"end":{"line":31,"column":35}},"loc":{"start":{"line":32,"column":6},"end":{"line":32,"column":53}},"line":32},"5":{"name":"remove","decl":{"start":{"line":38,"column":11},"end":{"line":38,"column":17}},"loc":{"start":{"line":38,"column":22},"end":{"line":40,"column":3}},"line":38},"6":{"name":"(anonymous_6)","decl":{"start":{"line":39,"column":26},"end":{"line":39,"column":27}},"loc":{"start":{"line":39,"column":34},"end":{"line":39,"column":48}},"line":39}},"branchMap":{"0":{"loc":{"start":{"line":32,"column":6},"end":{"line":32,"column":53}},"type":"cond-expr","locations":[{"start":{"line":32,"column":35},"end":{"line":32,"column":46}},{"start":{"line":32,"column":49},"end":{"line":32,"column":53}}],"line":32},"1":{"loc":{"start":{"line":52,"column":11},"end":{"line":53,"column":66}},"type":"binary-expr","locations":[{"start":{"line":52,"column":11},"end":{"line":52,"column":29}},{"start":{"line":53,"column":12},"end":{"line":53,"column":66}}],"line":52},"2":{"loc":{"start":{"line":58,"column":11},"end":{"line":62,"column":22}},"type":"binary-expr","locations":[{"start":{"line":58,"column":11},"end":{"line":58,"column":29}},{"start":{"line":59,"column":12},"end":{"line":62,"column":22}}],"line":58}},"s":{"0":6,"1":0,"2":0,"3":0,"4":0,"5":0,"6":0,"7":0,"8":0,"9":6},"f":{"0":6,"1":0,"2":0,"3":0,"4":0,"5":0,"6":0},"b":{"0":[0,0],"1":[6,1],"2":[6,5]},"_coverageSchema":"1a1c01bbd47fc00a2c39e90264f33305004495a9","hash":"fe2d7bc87141cf4793a0a42c32005328700ce232"}
,"/Users/zhl/Desktop/R27_Class/W8-React/react-productiv/src/TodoForm.js": {"path":"/Users/zhl/Desktop/R27_Class/W8-React/react-productiv/src/TodoForm.js","statementMap":{"0":{"start":{"line":17,"column":34},"end":{"line":17,"column":59}},"1":{"start":{"line":21,"column":28},"end":{"line":21,"column":38}},"2":{"start":{"line":22,"column":4},"end":{"line":25,"column":8}},"3":{"start":{"line":22,"column":29},"end":{"line":25,"column":5}},"4":{"start":{"line":30,"column":4},"end":{"line":30,"column":25}},"5":{"start":{"line":31,"column":4},"end":{"line":31,"column":25}},"6":{"start":{"line":32,"column":4},"end":{"line":32,"column":33}},"7":{"start":{"line":35,"column":2},"end":{"line":86,"column":4}}},"fnMap":{"0":{"name":"TodoForm","decl":{"start":{"line":13,"column":9},"end":{"line":13,"column":17}},"loc":{"start":{"line":15,"column":75},"end":{"line":87,"column":1}},"line":15},"1":{"name":"handleChange","decl":{"start":{"line":20,"column":11},"end":{"line":20,"column":23}},"loc":{"start":{"line":20,"column":29},"end":{"line":26,"column":3}},"line":20},"2":{"name":"(anonymous_2)","decl":{"start":{"line":22,"column":16},"end":{"line":22,"column":17}},"loc":{"start":{"line":22,"column":29},"end":{"line":25,"column":5}},"line":22},"3":{"name":"handleSubmit","decl":{"start":{"line":29,"column":11},"end":{"line":29,"column":23}},"loc":{"start":{"line":29,"column":29},"end":{"line":33,"column":3}},"line":29}},"branchMap":{"0":{"loc":{"start":{"line":15,"column":2},"end":{"line":15,"column":71}},"type":"default-arg","locations":[{"start":{"line":15,"column":20},"end":{"line":15,"column":71}}],"line":15}},"s":{"0":8,"1":0,"2":0,"3":0,"4":1,"5":1,"6":1,"7":8},"f":{"0":8,"1":0,"2":0,"3":1},"b":{"0":[8]},"_coverageSchema":"1a1c01bbd47fc00a2c39e90264f33305004495a9","hash":"0efadb0253a4e456613a7ac1a7a2e6cc82d24e4d"}
,"/Users/zhl/Desktop/R27_Class/W8-React/react-productiv/src/TopTodo.js": {"path":"/Users/zhl/Desktop/R27_Class/W8-React/react-productiv/src/TopTodo.js","statementMap":{"0":{"start":{"line":14,"column":2},"end":{"line":14,"column":38}},"1":{"start":{"line":14,"column":26},"end":{"line":14,"column":38}},"2":{"start":{"line":17,"column":12},"end":{"line":18,"column":70}},"3":{"start":{"line":18,"column":20},"end":{"line":18,"column":59}},"4":{"start":{"line":20,"column":2},"end":{"line":20,"column":29}}},"fnMap":{"0":{"name":"TopTodo","decl":{"start":{"line":13,"column":9},"end":{"line":13,"column":16}},"loc":{"start":{"line":13,"column":28},"end":{"line":21,"column":1}},"line":13},"1":{"name":"(anonymous_1)","decl":{"start":{"line":18,"column":6},"end":{"line":18,"column":7}},"loc":{"start":{"line":18,"column":20},"end":{"line":18,"column":59}},"line":18}},"branchMap":{"0":{"loc":{"start":{"line":14,"column":2},"end":{"line":14,"column":38}},"type":"if","locations":[{"start":{"line":14,"column":2},"end":{"line":14,"column":38}},{"start":{},"end":{}}],"line":14},"1":{"loc":{"start":{"line":18,"column":20},"end":{"line":18,"column":59}},"type":"cond-expr","locations":[{"start":{"line":18,"column":50},"end":{"line":18,"column":53}},{"start":{"line":18,"column":56},"end":{"line":18,"column":59}}],"line":18}},"s":{"0":7,"1":1,"2":6,"3":17,"4":6},"f":{"0":7,"1":17},"b":{"0":[1,6],"1":[5,12]},"_coverageSchema":"1a1c01bbd47fc00a2c39e90264f33305004495a9","hash":"91bdc0ea2f3d937d4cf8bd874f4a5d5e76eb4b68"}
,"/Users/zhl/Desktop/R27_Class/W8-React/react-productiv/src/index.js": {"path":"/Users/zhl/Desktop/R27_Class/W8-React/react-productiv/src/index.js","statementMap":{"0":{"start":{"line":7,"column":13},"end":{"line":7,"column":65}},"1":{"start":{"line":8,"column":0},"end":{"line":12,"column":2}},"2":{"start":{"line":17,"column":0},"end":{"line":17,"column":18}}},"fnMap":{},"branchMap":{},"s":{"0":0,"1":0,"2":0},"f":{},"b":{}}
,"/Users/zhl/Desktop/R27_Class/W8-React/react-productiv/src/reportWebVitals.js": {"path":"/Users/zhl/Desktop/R27_Class/W8-React/react-productiv/src/reportWebVitals.js","statementMap":{"0":{"start":{"line":1,"column":24},"end":{"line":11,"column":1}},"1":{"start":{"line":2,"column":2},"end":{"line":10,"column":3}},"2":{"start":{"line":3,"column":4},"end":{"line":9,"column":7}},"3":{"start":{"line":4,"column":6},"end":{"line":4,"column":26}},"4":{"start":{"line":5,"column":6},"end":{"line":5,"column":26}},"5":{"start":{"line":6,"column":6},"end":{"line":6,"column":26}},"6":{"start":{"line":7,"column":6},"end":{"line":7,"column":26}},"7":{"start":{"line":8,"column":6},"end":{"line":8,"column":27}}},"fnMap":{"0":{"name":"(anonymous_0)","decl":{"start":{"line":1,"column":24},"end":{"line":1,"column":25}},"loc":{"start":{"line":1,"column":39},"end":{"line":11,"column":1}},"line":1},"1":{"name":"(anonymous_1)","decl":{"start":{"line":3,"column":30},"end":{"line":3,"column":31}},"loc":{"start":{"line":3,"column":79},"end":{"line":9,"column":5}},"line":3}},"branchMap":{"0":{"loc":{"start":{"line":2,"column":2},"end":{"line":10,"column":3}},"type":"if","locations":[{"start":{"line":2,"column":2},"end":{"line":10,"column":3}},{"start":{},"end":{}}],"line":2},"1":{"loc":{"start":{"line":2,"column":6},"end":{"line":2,"column":52}},"type":"binary-expr","locations":[{"start":{"line":2,"column":6},"end":{"line":2,"column":17}},{"start":{"line":2,"column":21},"end":{"line":2,"column":52}}],"line":2}},"s":{"0":0,"1":0,"2":0,"3":0,"4":0,"5":0,"6":0,"7":0},"f":{"0":0,"1":0},"b":{"0":[0,0],"1":[0,0]}}
}
