TN:
SF:src/App.js
FN:12,App
FNF:1
FNH:1
FNDA:2,App
DA:13,2
LF:1
LH:1
BRF:0
BRH:0
end_of_record
TN:
SF:src/EditableTodo.js
FN:19,EditableTodo
FN:24,toggleEdit
FN:29,handleDelete
FN:34,handleSave
FNF:4
FNH:3
FNDA:14,EditableTodo
FNDA:1,toggleEdit
FNDA:1,handleDelete
FNDA:0,handleSave
DA:21,14
DA:25,1
DA:30,1
DA:35,0
DA:36,0
DA:39,14
LF:6
LH:4
BRDA:42,0,0,14
BRDA:42,0,1,1
BRDA:45,1,0,14
BRDA:45,1,1,13
BRF:4
BRH:4
end_of_record
TN:
SF:src/EditableTodoList.js
FN:14,EditableTodoList
FN:18,(anonymous_1)
FNF:2
FNH:2
FNDA:7,EditableTodoList
FNDA:10,(anonymous_1)
DA:15,7
DA:19,10
LF:2
LH:2
BRF:0
BRH:0
end_of_record
TN:
SF:src/Footer.js
FN:5,Footer
FNF:1
FNH:1
FNDA:2,Footer
DA:6,2
LF:1
LH:1
BRF:0
BRH:0
end_of_record
TN:
SF:src/Todo.js
FN:11,Todo
FNF:1
FNH:1
FNDA:22,Todo
DA:12,22
LF:1
LH:1
BRF:0
BRH:0
end_of_record
TN:
SF:src/TodoApp.js
FN:19,TodoApp
FN:24,create
FN:26,(anonymous_2)
FN:30,update
FN:31,(anonymous_4)
FN:42,remove
FN:43,(anonymous_6)
FNF:7
FNH:3
FNDA:7,TodoApp
FNDA:1,create
FNDA:1,(anonymous_2)
FNDA:0,update
FNDA:0,(anonymous_4)
FNDA:0,remove
FNDA:0,(anonymous_6)
DA:21,7
DA:25,1
DA:26,1
DA:31,0
DA:32,0
DA:33,0
DA:35,0
DA:38,0
DA:43,0
DA:46,7
LF:10
LH:4
BRDA:32,0,0,0
BRDA:32,0,1,0
BRDA:55,1,0,7
BRDA:55,1,1,3
BRDA:61,2,0,7
BRDA:61,2,1,4
BRF:6
BRH:4
end_of_record
TN:
SF:src/TodoForm.js
FN:13,TodoForm
FN:20,handleChange
FN:22,(anonymous_2)
FN:29,handleSubmit
FNF:4
FNH:4
FNDA:13,TodoForm
FNDA:3,handleChange
FNDA:3,(anonymous_2)
FNDA:1,handleSubmit
DA:17,13
DA:21,3
DA:22,3
DA:30,1
DA:31,1
DA:32,1
DA:35,13
LF:7
LH:7
BRDA:15,0,0,12
BRF:1
BRH:1
end_of_record
TN:
SF:src/TopTodo.js
FN:13,TopTodo
FN:16,(anonymous_1)
FNF:2
FNH:2
FNDA:7,TopTodo
FNDA:19,(anonymous_1)
DA:15,7
DA:16,19
DA:18,7
LF:3
LH:3
BRDA:16,0,0,6
BRDA:16,0,1,13
BRF:2
BRH:2
end_of_record
TN:
SF:src/index.js
FNF:0
FNH:0
DA:7,0
DA:8,0
DA:17,0
LF:3
LH:0
BRF:0
BRH:0
end_of_record
TN:
SF:src/reportWebVitals.js
FN:1,(anonymous_0)
FN:3,(anonymous_1)
FNF:2
FNH:0
FNDA:0,(anonymous_0)
FNDA:0,(anonymous_1)
DA:1,0
DA:2,0
DA:3,0
DA:4,0
DA:5,0
DA:6,0
DA:7,0
DA:8,0
LF:8
LH:0
BRDA:2,0,0,0
BRDA:2,0,1,0
BRDA:2,1,0,0
BRDA:2,1,1,0
BRF:4
BRH:0
end_of_record
