TN:
SF:src/App.js
FN:12,App
FNF:1
FNH:1
FNDA:2,App
DA:13,2
LF:1
LH:1
BRF:0
BRH:0
end_of_record
TN:
SF:src/EditableTodo.js
FN:19,EditableTodo
FN:24,toggleEdit
FN:29,handleDelete
FN:34,handleSave
FNF:4
FNH:1
FNDA:6,EditableTodo
FNDA:0,toggleEdit
FNDA:0,handleDelete
FNDA:0,handleSave
DA:21,6
DA:25,0
DA:30,0
DA:35,0
DA:36,0
DA:39,6
LF:6
LH:2
BRDA:42,0,0,6
BRDA:42,0,1,0
BRDA:45,1,0,6
BRDA:45,1,1,6
BRF:4
BRH:3
end_of_record
TN:
SF:src/EditableTodoList.js
FN:14,EditableTodoList
FN:18,(anonymous_1)
FNF:2
FNH:2
FNDA:3,EditableTodoList
FNDA:6,(anonymous_1)
DA:15,3
DA:19,6
LF:2
LH:2
BRF:0
BRH:0
end_of_record
TN:
SF:src/Footer.js
FN:5,Footer
FNF:1
FNH:1
FNDA:2,Footer
DA:6,2
LF:1
LH:1
BRF:0
BRH:0
end_of_record
TN:
SF:src/Todo.js
FN:11,Todo
FNF:1
FNH:1
FNDA:13,Todo
DA:12,13
LF:1
LH:1
BRF:0
BRH:0
end_of_record
TN:
SF:src/TodoApp.js
FN:19,TodoApp
FN:24,create
FN:26,(anonymous_2)
FN:30,update
FN:31,(anonymous_4)
FN:42,remove
FN:43,(anonymous_6)
FNF:7
FNH:1
FNDA:3,TodoApp
FNDA:0,create
FNDA:0,(anonymous_2)
FNDA:0,update
FNDA:0,(anonymous_4)
FNDA:0,remove
FNDA:0,(anonymous_6)
DA:21,3
DA:25,0
DA:26,0
DA:31,0
DA:32,0
DA:33,0
DA:35,0
DA:38,0
DA:43,0
DA:46,3
LF:10
LH:2
BRDA:32,0,0,0
BRDA:32,0,1,0
BRDA:55,1,0,3
BRDA:55,1,1,1
BRDA:61,2,0,3
BRDA:61,2,1,2
BRF:6
BRH:4
end_of_record
TN:
SF:src/TodoForm.js
FN:13,TodoForm
FN:20,handleChange
FN:22,(anonymous_2)
FN:29,handleSubmit
FNF:4
FNH:1
FNDA:5,TodoForm
FNDA:0,handleChange
FNDA:0,(anonymous_2)
FNDA:0,handleSubmit
DA:17,5
DA:21,0
DA:22,0
DA:30,0
DA:31,0
DA:32,0
DA:35,5
LF:7
LH:2
BRDA:15,0,0,5
BRF:1
BRH:1
end_of_record
TN:
SF:src/TopTodo.js
FN:13,TopTodo
FN:16,(anonymous_1)
FNF:2
FNH:2
FNDA:5,TopTodo
FNDA:15,(anonymous_1)
DA:15,5
DA:16,15
DA:18,5
LF:3
LH:3
BRDA:16,0,0,5
BRDA:16,0,1,10
BRF:2
BRH:2
end_of_record
TN:
SF:src/index.js
FNF:0
FNH:0
DA:7,0
DA:8,0
DA:17,0
LF:3
LH:0
BRF:0
BRH:0
end_of_record
TN:
SF:src/reportWebVitals.js
FN:1,(anonymous_0)
FN:3,(anonymous_1)
FNF:2
FNH:0
FNDA:0,(anonymous_0)
FNDA:0,(anonymous_1)
DA:1,0
DA:2,0
DA:3,0
DA:4,0
DA:5,0
DA:6,0
DA:7,0
DA:8,0
LF:8
LH:0
BRDA:2,0,0,0
BRDA:2,0,1,0
BRDA:2,1,0,0
BRDA:2,1,1,0
BRF:4
BRH:0
end_of_record
